src/app/android/app/build/intermediates/manifest_merge_blame_file/debug/manifest-merger-blame-debug-report.txt
1<?xml version="1.0" encoding="utf-8"?>
2<manifest xmlns:android="http://schemas.android.com/apk/res/android"
3    package="com.loketla.app"
4    android:versionCode="1"
5    android:versionName="1.0.0" >
6
7    <uses-sdk
8        android:minSdkVersion="21"
9        android:targetSdkVersion="30" />
10
11    <uses-permission android:name="android.permission.SYSTEM_ALERT_WINDOW" />
11-->src/main/AndroidManifest.xml:3:3-75
11-->src/main/AndroidManifest.xml:3:20-73
12    <uses-permission android:name="android.permission.INTERNET" />
12-->src/main/AndroidManifest.xml:2:3-64
12-->src/main/AndroidManifest.xml:2:20-62
13    <uses-permission android:name="android.permission.READ_PHONE_STATE" />
13-->src/main/AndroidManifest.xml:4:3-72
13-->src/main/AndroidManifest.xml:4:20-70
14    <uses-permission android:name="android.permission.VIBRATE" />
14-->src/main/AndroidManifest.xml:5:3-63
14-->src/main/AndroidManifest.xml:5:20-61
15    <uses-permission android:name="android.permission.MODIFY_AUDIO_SETTINGS" />
15-->src/main/AndroidManifest.xml:6:3-77
15-->src/main/AndroidManifest.xml:6:20-75
16    <uses-permission android:name="android.permission.READ_EXTERNAL_STORAGE" />
16-->src/main/AndroidManifest.xml:7:3-77
16-->src/main/AndroidManifest.xml:7:20-75
17    <uses-permission android:name="android.permission.WRITE_EXTERNAL_STORAGE" />
17-->src/main/AndroidManifest.xml:8:3-78
17-->src/main/AndroidManifest.xml:8:20-76
18    <uses-permission android:name="android.permission.ACCESS_NETWORK_STATE" />
18-->src/main/AndroidManifest.xml:9:3-76
18-->src/main/AndroidManifest.xml:9:20-74
19    <uses-permission android:name="android.permission.WAKE_LOCK" />
19-->src/main/AndroidManifest.xml:10:3-65
19-->src/main/AndroidManifest.xml:10:20-63
20    <uses-permission android:name="com.google.android.c2dm.permission.RECEIVE" />
20-->src/main/AndroidManifest.xml:11:3-79
20-->src/main/AndroidManifest.xml:11:20-77
21    <uses-permission android:name="android.permission.ACCESS_WIFI_STATE" />
21-->[com.facebook.flipper:flipper:0.54.0] AndroidManifest.xml:16:5-76
21-->[com.facebook.flipper:flipper:0.54.0] AndroidManifest.xml:16:22-73
22    <uses-permission android:name="com.google.android.finsky.permission.BIND_GET_INSTALL_REFERRER_SERVICE" />
22-->[com.android.installreferrer:installreferrer:1.0] AndroidManifest.xml:9:5-110
22-->[com.android.installreferrer:installreferrer:1.0] AndroidManifest.xml:9:22-107
23
24    <application
24-->src/main/AndroidManifest.xml:12:3-31:17
25        android:name="com.loketla.app.MainApplication"
25-->src/main/AndroidManifest.xml:12:16-47
26        android:allowBackup="true"
26-->src/main/AndroidManifest.xml:12:162-188
27        android:appComponentFactory="androidx.core.app.CoreComponentFactory"
27-->[androidx.core:core:1.3.0] AndroidManifest.xml:24:18-86
28        android:debuggable="true"
29        android:icon="@mipmap/ic_launcher"
29-->src/main/AndroidManifest.xml:12:81-115
30        android:label="@string/app_name"
30-->src/main/AndroidManifest.xml:12:48-80
31        android:roundIcon="@mipmap/ic_launcher_round"
31-->src/main/AndroidManifest.xml:12:116-161
32        android:theme="@style/AppTheme"
32-->src/main/AndroidManifest.xml:12:189-220
33        android:usesCleartextTraffic="true" >
33-->src/debug/AndroidManifest.xml:6:18-53
34        <meta-data
34-->src/main/AndroidManifest.xml:13:5-93
35            android:name="expo.modules.updates.EXPO_SDK_VERSION"
35-->src/main/AndroidManifest.xml:13:16-68
36            android:value="41.0.0" />
36-->src/main/AndroidManifest.xml:13:69-91
37        <meta-data
37-->src/main/AndroidManifest.xml:14:5-126
38            android:name="expo.modules.updates.EXPO_UPDATE_URL"
38-->src/main/AndroidManifest.xml:14:16-67
39            android:value="https://exp.host/danishrashidin/loketla" />
39-->src/main/AndroidManifest.xml:14:68-123
40        <meta-data
40-->src/main/AndroidManifest.xml:15:5-82
41            android:name="expo.modules.updates.ENABLED"
41-->src/main/AndroidManifest.xml:15:16-59
42            android:value="true" />
42-->src/main/AndroidManifest.xml:15:60-80
43        <meta-data
43-->src/main/AndroidManifest.xml:16:5-105
44            android:name="expo.modules.updates.EXPO_UPDATES_CHECK_ON_LAUNCH"
44-->src/main/AndroidManifest.xml:16:16-80
45            android:value="ALWAYS" />
45-->src/main/AndroidManifest.xml:16:81-103
46        <meta-data
46-->src/main/AndroidManifest.xml:17:5-99
47            android:name="expo.modules.updates.EXPO_UPDATES_LAUNCH_WAIT_MS"
47-->src/main/AndroidManifest.xml:17:16-79
48            android:value="0" />
48-->src/main/AndroidManifest.xml:17:80-97
49
50        <activity
50-->src/main/AndroidManifest.xml:18:5-29:16
51            android:name="com.loketla.app.MainActivity"
51-->src/main/AndroidManifest.xml:18:15-43
52            android:configChanges="keyboard|keyboardHidden|orientation|screenSize|uiMode"
52-->src/main/AndroidManifest.xml:18:77-154
53            android:label="@string/app_name"
53-->src/main/AndroidManifest.xml:18:44-76
54            android:launchMode="singleTask"
54-->src/main/AndroidManifest.xml:18:155-186
55            android:screenOrientation="portrait"
55-->src/main/AndroidManifest.xml:18:276-312
56            android:theme="@style/Theme.App.SplashScreen"
56-->src/main/AndroidManifest.xml:18:230-275
57            android:windowSoftInputMode="adjustResize" >
57-->src/main/AndroidManifest.xml:18:187-229
58            <intent-filter>
58-->src/main/AndroidManifest.xml:19:7-22:23
59                <action android:name="android.intent.action.MAIN" />
59-->src/main/AndroidManifest.xml:20:9-60
59-->src/main/AndroidManifest.xml:20:17-58
60
61                <category android:name="android.intent.category.LAUNCHER" />
61-->src/main/AndroidManifest.xml:21:9-68
61-->src/main/AndroidManifest.xml:21:19-66
62            </intent-filter>
63            <intent-filter>
63-->src/main/AndroidManifest.xml:23:7-28:23
64                <action android:name="android.intent.action.VIEW" />
64-->src/main/AndroidManifest.xml:24:9-60
64-->src/main/AndroidManifest.xml:24:17-58
65
66                <category android:name="android.intent.category.DEFAULT" />
66-->src/main/AndroidManifest.xml:25:9-67
66-->src/main/AndroidManifest.xml:25:19-65
67                <category android:name="android.intent.category.BROWSABLE" />
67-->src/main/AndroidManifest.xml:26:9-69
67-->src/main/AndroidManifest.xml:26:19-67
68
69                <data android:scheme="com.loketla.app" />
69-->src/main/AndroidManifest.xml:27:9-49
69-->src/main/AndroidManifest.xml:27:15-47
70            </intent-filter>
71        </activity>
72        <activity android:name="com.facebook.react.devsupport.DevSettingsActivity" />
72-->src/main/AndroidManifest.xml:30:5-81
72-->src/main/AndroidManifest.xml:30:15-79
73
74        <meta-data
74-->[:unimodules-react-native-adapter] AndroidManifest.xml:12:9-14:91
75            android:name="org.unimodules.core.AppLoader#react-native-headless"
75-->[:unimodules-react-native-adapter] AndroidManifest.xml:13:13-79
76            android:value="org.unimodules.adapters.react.apploader.RNHeadlessAppLoader" />
76-->[:unimodules-react-native-adapter] AndroidManifest.xml:14:13-88
77
78        <provider
78-->[:expo-file-system] AndroidManifest.xml:17:9-26:20
79            android:name="expo.modules.filesystem.FileSystemFileProvider"
79-->[:expo-file-system] AndroidManifest.xml:18:13-74
80            android:authorities="com.loketla.app.FileSystemFileProvider"
80-->[:expo-file-system] AndroidManifest.xml:19:13-74
81            android:exported="false"
81-->[:expo-file-system] AndroidManifest.xml:20:13-37
82            android:grantUriPermissions="true" >
82-->[:expo-file-system] AndroidManifest.xml:21:13-47
83            <meta-data
83-->[:expo-file-system] AndroidManifest.xml:23:13-25:70
84                android:name="android.support.FILE_PROVIDER_PATHS"
84-->[:expo-file-system] AndroidManifest.xml:24:17-67
85                android:resource="@xml/file_system_provider_paths" />
85-->[:expo-file-system] AndroidManifest.xml:25:17-67
86        </provider>
87
88        <activity
88-->[com.google.firebase:firebase-auth:21.0.1] AndroidManifest.xml:27:9-44:20
89            android:name="com.google.firebase.auth.internal.GenericIdpActivity"
89-->[com.google.firebase:firebase-auth:21.0.1] AndroidManifest.xml:28:13-80
90            android:excludeFromRecents="true"
90-->[com.google.firebase:firebase-auth:21.0.1] AndroidManifest.xml:29:13-46
91            android:exported="true"
91-->[com.google.firebase:firebase-auth:21.0.1] AndroidManifest.xml:30:13-36
92            android:launchMode="singleTask"
92-->[com.google.firebase:firebase-auth:21.0.1] AndroidManifest.xml:31:13-44
93            android:theme="@android:style/Theme.Translucent.NoTitleBar" >
93-->[com.google.firebase:firebase-auth:21.0.1] AndroidManifest.xml:32:13-72
94            <intent-filter>
94-->[com.google.firebase:firebase-auth:21.0.1] AndroidManifest.xml:33:13-43:29
95                <action android:name="android.intent.action.VIEW" />
95-->src/main/AndroidManifest.xml:24:9-60
95-->src/main/AndroidManifest.xml:24:17-58
96
97                <category android:name="android.intent.category.DEFAULT" />
97-->src/main/AndroidManifest.xml:25:9-67
97-->src/main/AndroidManifest.xml:25:19-65
98                <category android:name="android.intent.category.BROWSABLE" />
98-->src/main/AndroidManifest.xml:26:9-69
98-->src/main/AndroidManifest.xml:26:19-67
99
100                <data
100-->src/main/AndroidManifest.xml:27:9-49
101                    android:host="firebase.auth"
102                    android:path="/"
103                    android:scheme="genericidp" />
103-->src/main/AndroidManifest.xml:27:15-47
104            </intent-filter>
105        </activity>
106        <activity
106-->[com.google.firebase:firebase-auth:21.0.1] AndroidManifest.xml:45:9-62:20
107            android:name="com.google.firebase.auth.internal.RecaptchaActivity"
107-->[com.google.firebase:firebase-auth:21.0.1] AndroidManifest.xml:46:13-79
108            android:excludeFromRecents="true"
108-->[com.google.firebase:firebase-auth:21.0.1] AndroidManifest.xml:47:13-46
109            android:exported="true"
109-->[com.google.firebase:firebase-auth:21.0.1] AndroidManifest.xml:48:13-36
110            android:launchMode="singleTask"
110-->[com.google.firebase:firebase-auth:21.0.1] AndroidManifest.xml:49:13-44
111            android:theme="@android:style/Theme.Translucent.NoTitleBar" >
111-->[com.google.firebase:firebase-auth:21.0.1] AndroidManifest.xml:50:13-72
112            <intent-filter>
112-->[com.google.firebase:firebase-auth:21.0.1] AndroidManifest.xml:51:13-61:29
113                <action android:name="android.intent.action.VIEW" />
113-->src/main/AndroidManifest.xml:24:9-60
113-->src/main/AndroidManifest.xml:24:17-58
114
115                <category android:name="android.intent.category.DEFAULT" />
115-->src/main/AndroidManifest.xml:25:9-67
115-->src/main/AndroidManifest.xml:25:19-65
116                <category android:name="android.intent.category.BROWSABLE" />
116-->src/main/AndroidManifest.xml:26:9-69
116-->src/main/AndroidManifest.xml:26:19-67
117
118                <data
118-->src/main/AndroidManifest.xml:27:9-49
119                    android:host="firebase.auth"
120                    android:path="/"
121                    android:scheme="recaptcha" />
121-->src/main/AndroidManifest.xml:27:15-47
122            </intent-filter>
123        </activity>
124
125        <service
125-->[com.google.firebase:firebase-auth:21.0.1] AndroidManifest.xml:64:9-73:19
126            android:name="com.google.firebase.auth.api.fallback.service.FirebaseAuthFallbackService"
126-->[com.google.firebase:firebase-auth:21.0.1] AndroidManifest.xml:65:13-101
127            android:enabled="true"
127-->[com.google.firebase:firebase-auth:21.0.1] AndroidManifest.xml:66:13-35
128            android:exported="false" >
128-->[com.google.firebase:firebase-auth:21.0.1] AndroidManifest.xml:67:13-37
129            <intent-filter>
129-->[com.google.firebase:firebase-auth:21.0.1] AndroidManifest.xml:68:13-72:29
130                <action android:name="com.google.firebase.auth.api.gms.service.START" />
130-->[com.google.firebase:firebase-auth:21.0.1] AndroidManifest.xml:69:17-89
130-->[com.google.firebase:firebase-auth:21.0.1] AndroidManifest.xml:69:25-86
131
132                <category android:name="android.intent.category.DEFAULT" />
132-->src/main/AndroidManifest.xml:25:9-67
132-->src/main/AndroidManifest.xml:25:19-65
133            </intent-filter>
134        </service>
135        <service
135-->[com.google.firebase:firebase-auth:21.0.1] AndroidManifest.xml:74:9-80:19
136            android:name="com.google.firebase.components.ComponentDiscoveryService"
136-->[com.google.firebase:firebase-auth:21.0.1] AndroidManifest.xml:75:13-84
137            android:directBootAware="true"
137-->[com.google.firebase:firebase-common:20.0.0] AndroidManifest.xml:35:13-43
138            android:exported="false" >
138-->[com.google.firebase:firebase-auth:21.0.1] AndroidManifest.xml:76:13-37
139            <meta-data
139-->[com.google.firebase:firebase-auth:21.0.1] AndroidManifest.xml:77:13-79:85
140                android:name="com.google.firebase.components:com.google.firebase.auth.FirebaseAuthRegistrar"
140-->[com.google.firebase:firebase-auth:21.0.1] AndroidManifest.xml:78:17-109
141                android:value="com.google.firebase.components.ComponentRegistrar" />
141-->[com.google.firebase:firebase-auth:21.0.1] AndroidManifest.xml:79:17-82
142        </service>
143
144        <activity
144-->[com.google.android.gms:play-services-auth:19.0.0] AndroidManifest.xml:23:9-27:75
145            android:name="com.google.android.gms.auth.api.signin.internal.SignInHubActivity"
145-->[com.google.android.gms:play-services-auth:19.0.0] AndroidManifest.xml:24:13-93
146            android:excludeFromRecents="true"
146-->[com.google.android.gms:play-services-auth:19.0.0] AndroidManifest.xml:25:13-46
147            android:exported="false"
147-->[com.google.android.gms:play-services-auth:19.0.0] AndroidManifest.xml:26:13-37
148            android:theme="@android:style/Theme.Translucent.NoTitleBar" />
148-->[com.google.android.gms:play-services-auth:19.0.0] AndroidManifest.xml:27:13-72
149        <!--
150            Service handling Google Sign-In user revocation. For apps that do not integrate with
151            Google Sign-In, this service will never be started.
152        -->
153        <service
153-->[com.google.android.gms:play-services-auth:19.0.0] AndroidManifest.xml:33:9-37:51
154            android:name="com.google.android.gms.auth.api.signin.RevocationBoundService"
154-->[com.google.android.gms:play-services-auth:19.0.0] AndroidManifest.xml:34:13-89
155            android:exported="true"
155-->[com.google.android.gms:play-services-auth:19.0.0] AndroidManifest.xml:35:13-36
156            android:permission="com.google.android.gms.auth.api.signin.permission.REVOCATION_NOTIFICATION"
156-->[com.google.android.gms:play-services-auth:19.0.0] AndroidManifest.xml:36:13-107
157            android:visibleToInstantApps="true" />
157-->[com.google.android.gms:play-services-auth:19.0.0] AndroidManifest.xml:37:13-48
158
159        <activity
159-->[com.google.android.gms:play-services-base:17.1.0] AndroidManifest.xml:23:9-26:75
160            android:name="com.google.android.gms.common.api.GoogleApiActivity"
160-->[com.google.android.gms:play-services-base:17.1.0] AndroidManifest.xml:24:13-79
161            android:exported="false"
161-->[com.google.android.gms:play-services-base:17.1.0] AndroidManifest.xml:25:13-37
162            android:theme="@android:style/Theme.Translucent.NoTitleBar" />
162-->[com.google.android.gms:play-services-base:17.1.0] AndroidManifest.xml:26:13-72
163
164        <provider
164-->[com.google.firebase:firebase-common:20.0.0] AndroidManifest.xml:26:9-31:39
165            android:name="com.google.firebase.provider.FirebaseInitProvider"
165-->[com.google.firebase:firebase-common:20.0.0] AndroidManifest.xml:27:13-77
166            android:authorities="com.loketla.app.firebaseinitprovider"
166-->[com.google.firebase:firebase-common:20.0.0] AndroidManifest.xml:28:13-72
167            android:directBootAware="true"
167-->[com.google.firebase:firebase-common:20.0.0] AndroidManifest.xml:29:13-43
168            android:exported="false"
168-->[com.google.firebase:firebase-common:20.0.0] AndroidManifest.xml:30:13-37
169            android:initOrder="100" />
169-->[com.google.firebase:firebase-common:20.0.0] AndroidManifest.xml:31:13-36
170
171        <meta-data
171-->[com.google.android.gms:play-services-basement:17.1.1] AndroidManifest.xml:23:9-25:69
172            android:name="com.google.android.gms.version"
172-->[com.google.android.gms:play-services-basement:17.1.1] AndroidManifest.xml:24:13-58
173            android:value="@integer/google_play_services_version" />
173-->[com.google.android.gms:play-services-basement:17.1.1] AndroidManifest.xml:25:13-66
174
175        <service
175-->[androidx.room:room-runtime:2.1.0] AndroidManifest.xml:25:9-27:40
176            android:name="androidx.room.MultiInstanceInvalidationService"
176-->[androidx.room:room-runtime:2.1.0] AndroidManifest.xml:26:13-74
177            android:exported="false" />
177-->[androidx.room:room-runtime:2.1.0] AndroidManifest.xml:27:13-37
178    </application>
179
180</manifest>